<phpunit bootstrap="./autoload.php">
    <testsuites>
        <testsuite name="document-type">
            <file>./src/ReferencesTest.php</file>
        </testsuite>
    </testsuites>

    <filter>
        <whitelist>
            <directory suffix=".php">./../src</directory>
        </whitelist>
    </filter>
</phpunit>